{"level":"info","message":"Inserted entry: {\"id\":12,\"name\":\"John Doe\",\"score\":85,\"age\":30,\"city\":\"New York\",\"gender\":\"Male\"}"}
{"level":"info","message":"Entry with id 12 already exists"}
{"level":"info","message":"Entry with id 12 already exists"}
{"level":"info","message":"Entry with id 12 already exists"}
{"level":"info","message":"Entry with id 12 already exists"}
{"level":"error","message":"Error inserting entry: ValidationError: id: Path `id` is required."}
{"level":"error","message":"Error inserting entry: ValidationError: id: Path `id` is required."}
{"level":"info","message":"Inserted entry: {\"id\":15,\"name\":\"John Doe\",\"score\":85,\"age\":30,\"city\":\"New York\",\"gender\":\"Male\"}"}
{"level":"info","message":"Running scheduled job"}
{"level":"info","message":"Running scheduled job"}
{"level":"info","message":"Inserted entry: {\"id\":1,\"name\":\"Alice\",\"score\":85,\"age\":25,\"city\":\"New York\",\"gender\":\"Female\"}"}
{"level":"info","message":"Inserted entry: {\"id\":4,\"name\":\"David\",\"score\":92,\"age\":35,\"city\":\"Houston\",\"gender\":\"Male\"}"}
{"level":"info","message":"Inserted entry: {\"id\":5,\"name\":\"Eva\",\"score\":88,\"age\":27,\"city\":\"Miami\",\"gender\":\"Female\"}"}
{"level":"info","message":"Inserted entry: {\"id\":6,\"name\":\"Frank\",\"score\":75,\"age\":40,\"city\":\"San Francisco\",\"gender\":\"Male\"}"}
{"level":"info","message":"Entry with id 1 already exists"}
{"level":"info","message":"Entry with id 5 already exists"}
{"level":"info","message":"Entry with id 4 already exists"}
{"level":"info","message":"Entry with id 6 already exists"}
{"level":"info","message":"Inserted entry: {\"id\":7,\"name\":\"Grace\",\"score\":95,\"age\":22,\"city\":\"Seattle\",\"gender\":\"Female\"}"}
{"level":"info","message":"Inserted entry: {\"id\":8,\"name\":\"Hank\",\"score\":80,\"age\":32,\"city\":\"Boston\",\"gender\":\"Male\"}"}
{"level":"info","message":"Inserted entry: {\"id\":9,\"name\":\"Ivy\",\"score\":85,\"age\":29,\"city\":\"Atlanta\",\"gender\":\"Female\"}"}
{"level":"info","message":"Inserted entry: {\"id\":2,\"name\":\"Bob\",\"score\":90,\"age\":30,\"city\":\"Los Angeles\",\"gender\":\"Male\"}"}
{"level":"info","message":"Inserted entry: {\"id\":3,\"name\":\"Charlie\",\"score\":78,\"age\":28,\"city\":\"Chicago\",\"gender\":\"Male\"}"}
{"level":"error","message":"Error inserting entry: MongoServerError: E11000 duplicate key error collection: test.entries index: id_1 dup key: { id: 2 }"}
{"level":"error","message":"Error inserting entry: MongoServerError: E11000 duplicate key error collection: test.entries index: id_1 dup key: { id: 3 }"}
{"level":"error","message":"Error inserting entry: MongoServerError: E11000 duplicate key error collection: test.entries index: id_1 dup key: { id: 7 }"}
{"level":"error","message":"Error inserting entry: MongoServerError: E11000 duplicate key error collection: test.entries index: id_1 dup key: { id: 8 }"}
{"level":"error","message":"Error inserting entry: MongoServerError: E11000 duplicate key error collection: test.entries index: id_1 dup key: { id: 9 }"}
{"level":"info","message":"Inserted entry: {\"id\":11,\"name\":\"Kathy\",\"score\":88,\"age\":33,\"city\":\"Phoenix\",\"gender\":\"Female\"}"}
{"level":"info","message":"Inserted entry: {\"id\":10,\"name\":\"Jack\",\"score\":78,\"age\":26,\"city\":\"Denver\",\"gender\":\"Male\"}"}
{"level":"info","message":"Entry with id 10 already exists"}
{"level":"info","message":"Entry with id 11 already exists"}
{"level":"info","message":"Running scheduled job"}
{"level":"info","message":"Entry with id 3 already exists"}
{"level":"info","message":"Entry with id 4 already exists"}
{"level":"info","message":"Entry with id 2 already exists"}
{"level":"info","message":"Entry with id 1 already exists"}
{"level":"info","message":"Entry with id 5 already exists"}
{"level":"info","message":"Entry with id 6 already exists"}
{"level":"info","message":"Entry with id 7 already exists"}
{"level":"info","message":"Entry with id 10 already exists"}
{"level":"info","message":"Entry with id 11 already exists"}
{"level":"info","message":"Entry with id 8 already exists"}
{"level":"info","message":"Entry with id 9 already exists"}
{"level":"info","message":"Running scheduled job"}
{"level":"info","message":"Entry with id 4 already exists"}
{"level":"info","message":"Entry with id 3 already exists"}
{"level":"info","message":"Entry with id 9 already exists"}
{"level":"info","message":"Entry with id 2 already exists"}
{"level":"info","message":"Entry with id 8 already exists"}
{"level":"info","message":"Entry with id 6 already exists"}
{"level":"info","message":"Entry with id 5 already exists"}
{"level":"info","message":"Entry with id 1 already exists"}
{"level":"info","message":"Entry with id 7 already exists"}
{"level":"info","message":"Entry with id 11 already exists"}
{"level":"info","message":"Entry with id 10 already exists"}
{"level":"info","message":"Running scheduled job"}
{"level":"info","message":"Entry with id 1 already exists"}
{"level":"info","message":"Entry with id 11 already exists"}
{"level":"info","message":"Entry with id 10 already exists"}
{"level":"info","message":"Entry with id 5 already exists"}
{"level":"info","message":"Entry with id 4 already exists"}
{"level":"info","message":"Entry with id 9 already exists"}
{"level":"info","message":"Entry with id 7 already exists"}
{"level":"info","message":"Entry with id 2 already exists"}
{"level":"info","message":"Entry with id 8 already exists"}
{"level":"info","message":"Entry with id 6 already exists"}
{"level":"info","message":"Entry with id 3 already exists"}
{"level":"info","message":"Running scheduled job"}
{"level":"info","message":"Entry with id 6 already exists"}
{"level":"info","message":"Entry with id 5 already exists"}
{"level":"info","message":"Entry with id 4 already exists"}
{"level":"info","message":"Entry with id 2 already exists"}
{"level":"info","message":"Entry with id 3 already exists"}
{"level":"info","message":"Entry with id 7 already exists"}
{"level":"info","message":"Entry with id 1 already exists"}
{"level":"info","message":"Entry with id 10 already exists"}
{"level":"info","message":"Entry with id 9 already exists"}
{"level":"info","message":"Entry with id 8 already exists"}
{"level":"info","message":"Entry with id 11 already exists"}
{"level":"info","message":"Running scheduled job"}
{"level":"info","message":"Entry with id 1 already exists"}
{"level":"info","message":"Entry with id 2 already exists"}
{"level":"info","message":"Entry with id 4 already exists"}
{"level":"info","message":"Entry with id 3 already exists"}
{"level":"info","message":"Entry with id 11 already exists"}
{"level":"info","message":"Entry with id 10 already exists"}
{"level":"info","message":"Entry with id 7 already exists"}
{"level":"info","message":"Entry with id 9 already exists"}
{"level":"info","message":"Entry with id 8 already exists"}
{"level":"info","message":"Entry with id 6 already exists"}
{"level":"info","message":"Entry with id 5 already exists"}
{"level":"info","message":"Running scheduled job"}
{"level":"info","message":"Entry with id 1 already exists"}
{"level":"info","message":"Entry with id 9 already exists"}
{"level":"info","message":"Entry with id 8 already exists"}
{"level":"info","message":"Entry with id 7 already exists"}
{"level":"info","message":"Entry with id 6 already exists"}
{"level":"info","message":"Entry with id 4 already exists"}
{"level":"info","message":"Entry with id 3 already exists"}
{"level":"info","message":"Entry with id 5 already exists"}
{"level":"info","message":"Entry with id 11 already exists"}
{"level":"info","message":"Entry with id 10 already exists"}
{"level":"info","message":"Entry with id 2 already exists"}
{"level":"info","message":"Running scheduled job"}
{"level":"info","message":"Entry with id 1 already exists"}
{"level":"info","message":"Entry with id 10 already exists"}
{"level":"info","message":"Entry with id 8 already exists"}
{"level":"info","message":"Entry with id 9 already exists"}
{"level":"info","message":"Entry with id 7 already exists"}
{"level":"info","message":"Entry with id 4 already exists"}
{"level":"info","message":"Entry with id 5 already exists"}
{"level":"info","message":"Entry with id 6 already exists"}
{"level":"info","message":"Entry with id 3 already exists"}
{"level":"info","message":"Entry with id 2 already exists"}
{"level":"info","message":"Entry with id 11 already exists"}
{"level":"info","message":"Running scheduled job"}
{"level":"info","message":"Entry with id 1 already exists"}
{"level":"info","message":"Entry with id 10 already exists"}
{"level":"info","message":"Entry with id 5 already exists"}
{"level":"info","message":"Entry with id 3 already exists"}
{"level":"info","message":"Entry with id 2 already exists"}
{"level":"info","message":"Entry with id 7 already exists"}
{"level":"info","message":"Entry with id 8 already exists"}
{"level":"info","message":"Entry with id 9 already exists"}
{"level":"info","message":"Entry with id 4 already exists"}
{"level":"info","message":"Entry with id 6 already exists"}
{"level":"info","message":"Entry with id 11 already exists"}
{"level":"info","message":"Running scheduled job"}
{"level":"info","message":"Entry with id 8 already exists"}
{"level":"info","message":"Entry with id 1 already exists"}
{"level":"info","message":"Entry with id 7 already exists"}
{"level":"info","message":"Entry with id 10 already exists"}
{"level":"info","message":"Entry with id 9 already exists"}
{"level":"info","message":"Entry with id 5 already exists"}
{"level":"info","message":"Entry with id 4 already exists"}
{"level":"info","message":"Entry with id 6 already exists"}
{"level":"info","message":"Entry with id 3 already exists"}
{"level":"info","message":"Entry with id 2 already exists"}
{"level":"info","message":"Entry with id 11 already exists"}
{"level":"info","message":"Running scheduled job"}
{"level":"info","message":"Entry with id 2 already exists"}
{"level":"info","message":"Entry with id 3 already exists"}
{"level":"info","message":"Entry with id 7 already exists"}
{"level":"info","message":"Entry with id 11 already exists"}
{"level":"info","message":"Entry with id 9 already exists"}
{"level":"info","message":"Entry with id 1 already exists"}
{"level":"info","message":"Entry with id 8 already exists"}
{"level":"info","message":"Entry with id 6 already exists"}
{"level":"info","message":"Entry with id 5 already exists"}
{"level":"info","message":"Entry with id 4 already exists"}
{"level":"info","message":"Entry with id 10 already exists"}
{"level":"info","message":"Running scheduled job"}
{"level":"info","message":"Entry with id 5 already exists"}
{"level":"info","message":"Entry with id 4 already exists"}
{"level":"info","message":"Entry with id 3 already exists"}
{"level":"info","message":"Entry with id 2 already exists"}
{"level":"info","message":"Entry with id 9 already exists"}
{"level":"info","message":"Entry with id 10 already exists"}
{"level":"info","message":"Entry with id 8 already exists"}
{"level":"info","message":"Entry with id 7 already exists"}
{"level":"info","message":"Entry with id 1 already exists"}
{"level":"info","message":"Entry with id 6 already exists"}
{"level":"info","message":"Entry with id 11 already exists"}
{"level":"info","message":"Running scheduled job"}
{"level":"info","message":"Entry with id 1 already exists"}
{"level":"info","message":"Entry with id 8 already exists"}
{"level":"info","message":"Entry with id 6 already exists"}
{"level":"info","message":"Entry with id 7 already exists"}
{"level":"info","message":"Entry with id 3 already exists"}
{"level":"info","message":"Entry with id 2 already exists"}
{"level":"info","message":"Entry with id 11 already exists"}
{"level":"info","message":"Entry with id 9 already exists"}
{"level":"info","message":"Entry with id 10 already exists"}
{"level":"info","message":"Entry with id 5 already exists"}
{"level":"info","message":"Entry with id 4 already exists"}
{"level":"info","message":"Running scheduled job"}
{"level":"info","message":"Entry with id 1 already exists"}
{"level":"info","message":"Entry with id 5 already exists"}
{"level":"info","message":"Entry with id 4 already exists"}
{"level":"info","message":"Entry with id 3 already exists"}
{"level":"info","message":"Entry with id 2 already exists"}
{"level":"info","message":"Entry with id 6 already exists"}
{"level":"info","message":"Entry with id 11 already exists"}
{"level":"info","message":"Entry with id 8 already exists"}
{"level":"info","message":"Entry with id 9 already exists"}
{"level":"info","message":"Entry with id 10 already exists"}
{"level":"info","message":"Entry with id 7 already exists"}
{"level":"info","message":"Running scheduled job"}
{"level":"info","message":"Entry with id 1 already exists"}
{"level":"info","message":"Entry with id 4 already exists"}
{"level":"info","message":"Entry with id 7 already exists"}
{"level":"info","message":"Entry with id 6 already exists"}
{"level":"info","message":"Entry with id 10 already exists"}
{"level":"info","message":"Entry with id 8 already exists"}
{"level":"info","message":"Entry with id 9 already exists"}
{"level":"info","message":"Entry with id 2 already exists"}
{"level":"info","message":"Entry with id 5 already exists"}
{"level":"info","message":"Entry with id 3 already exists"}
{"level":"info","message":"Entry with id 11 already exists"}
{"level":"info","message":"Running scheduled job"}
{"level":"info","message":"Entry with id 3 already exists"}
{"level":"info","message":"Entry with id 10 already exists"}
{"level":"info","message":"Entry with id 9 already exists"}
{"level":"info","message":"Entry with id 1 already exists"}
{"level":"info","message":"Entry with id 7 already exists"}
{"level":"info","message":"Entry with id 6 already exists"}
{"level":"info","message":"Entry with id 4 already exists"}
{"level":"info","message":"Entry with id 5 already exists"}
{"level":"info","message":"Entry with id 2 already exists"}
{"level":"info","message":"Entry with id 11 already exists"}
{"level":"info","message":"Entry with id 8 already exists"}
{"level":"info","message":"Running scheduled job"}
{"level":"info","message":"Entry with id 7 already exists"}
{"level":"info","message":"Entry with id 6 already exists"}
{"level":"info","message":"Entry with id 4 already exists"}
{"level":"info","message":"Entry with id 5 already exists"}
{"level":"info","message":"Entry with id 3 already exists"}
{"level":"info","message":"Entry with id 8 already exists"}
{"level":"info","message":"Entry with id 2 already exists"}
{"level":"info","message":"Entry with id 1 already exists"}
{"level":"info","message":"Entry with id 11 already exists"}
{"level":"info","message":"Entry with id 10 already exists"}
{"level":"info","message":"Entry with id 9 already exists"}
{"level":"info","message":"Running scheduled job"}
{"level":"info","message":"Entry with id 1 already exists"}
{"level":"info","message":"Entry with id 11 already exists"}
{"level":"info","message":"Entry with id 10 already exists"}
{"level":"info","message":"Entry with id 9 already exists"}
{"level":"info","message":"Entry with id 8 already exists"}
{"level":"info","message":"Entry with id 7 already exists"}
{"level":"info","message":"Entry with id 2 already exists"}
{"level":"info","message":"Entry with id 3 already exists"}
{"level":"info","message":"Entry with id 6 already exists"}
{"level":"info","message":"Entry with id 5 already exists"}
{"level":"info","message":"Entry with id 4 already exists"}
{"level":"info","message":"Running scheduled job"}
{"level":"info","message":"Entry with id 10 already exists"}
{"level":"info","message":"Entry with id 9 already exists"}
{"level":"info","message":"Entry with id 7 already exists"}
{"level":"info","message":"Entry with id 8 already exists"}
{"level":"info","message":"Entry with id 6 already exists"}
{"level":"info","message":"Entry with id 4 already exists"}
{"level":"info","message":"Entry with id 5 already exists"}
{"level":"info","message":"Entry with id 11 already exists"}
{"level":"info","message":"Entry with id 3 already exists"}
{"level":"info","message":"Entry with id 2 already exists"}
{"level":"info","message":"Entry with id 1 already exists"}
{"level":"info","message":"Running scheduled job"}
{"level":"info","message":"Entry with id 2 already exists"}
{"level":"info","message":"Entry with id 3 already exists"}
{"level":"info","message":"Entry with id 11 already exists"}
{"level":"info","message":"Entry with id 10 already exists"}
{"level":"info","message":"Entry with id 1 already exists"}
{"level":"info","message":"Entry with id 8 already exists"}
{"level":"info","message":"Entry with id 6 already exists"}
{"level":"info","message":"Entry with id 7 already exists"}
{"level":"info","message":"Entry with id 5 already exists"}
{"level":"info","message":"Entry with id 4 already exists"}
{"level":"info","message":"Entry with id 9 already exists"}
{"level":"info","message":"Running scheduled job"}
{"level":"info","message":"Entry with id 9 already exists"}
{"level":"info","message":"Entry with id 8 already exists"}
{"level":"info","message":"Entry with id 6 already exists"}
{"level":"info","message":"Entry with id 1 already exists"}
{"level":"info","message":"Entry with id 5 already exists"}
{"level":"info","message":"Entry with id 4 already exists"}
{"level":"info","message":"Entry with id 3 already exists"}
{"level":"info","message":"Entry with id 2 already exists"}
{"level":"info","message":"Entry with id 10 already exists"}
{"level":"info","message":"Entry with id 11 already exists"}
{"level":"info","message":"Entry with id 7 already exists"}
{"level":"info","message":"Running scheduled job"}
{"level":"info","message":"Entry with id 8 already exists"}
{"level":"info","message":"Entry with id 6 already exists"}
{"level":"info","message":"Entry with id 7 already exists"}
{"level":"info","message":"Entry with id 5 already exists"}
{"level":"info","message":"Entry with id 4 already exists"}
{"level":"info","message":"Entry with id 3 already exists"}
{"level":"info","message":"Entry with id 2 already exists"}
{"level":"info","message":"Entry with id 1 already exists"}
{"level":"info","message":"Entry with id 11 already exists"}
{"level":"info","message":"Entry with id 10 already exists"}
{"level":"info","message":"Entry with id 9 already exists"}
{"level":"info","message":"Running scheduled job"}
{"level":"info","message":"Entry with id 3 already exists"}
{"level":"info","message":"Entry with id 2 already exists"}
{"level":"info","message":"Entry with id 1 already exists"}
{"level":"info","message":"Entry with id 11 already exists"}
{"level":"info","message":"Entry with id 10 already exists"}
{"level":"info","message":"Entry with id 9 already exists"}
{"level":"info","message":"Entry with id 8 already exists"}
{"level":"info","message":"Entry with id 7 already exists"}
{"level":"info","message":"Entry with id 6 already exists"}
{"level":"info","message":"Entry with id 5 already exists"}
{"level":"info","message":"Entry with id 4 already exists"}
{"level":"info","message":"Running scheduled job"}
{"level":"info","message":"Entry with id 1 already exists"}
{"level":"info","message":"Entry with id 7 already exists"}
{"level":"info","message":"Entry with id 5 already exists"}
{"level":"info","message":"Entry with id 4 already exists"}
{"level":"info","message":"Entry with id 3 already exists"}
{"level":"info","message":"Entry with id 11 already exists"}
{"level":"info","message":"Entry with id 10 already exists"}
{"level":"info","message":"Entry with id 9 already exists"}
{"level":"info","message":"Entry with id 8 already exists"}
{"level":"info","message":"Entry with id 6 already exists"}
{"level":"info","message":"Entry with id 2 already exists"}
{"level":"info","message":"Running scheduled job"}
{"level":"info","message":"Entry with id 1 already exists"}
{"level":"info","message":"Entry with id 10 already exists"}
{"level":"info","message":"Entry with id 2 already exists"}
{"level":"info","message":"Entry with id 8 already exists"}
{"level":"info","message":"Entry with id 7 already exists"}
{"level":"info","message":"Entry with id 6 already exists"}
{"level":"info","message":"Entry with id 5 already exists"}
{"level":"info","message":"Entry with id 3 already exists"}
{"level":"info","message":"Entry with id 4 already exists"}
{"level":"info","message":"Entry with id 9 already exists"}
{"level":"info","message":"Entry with id 11 already exists"}
{"level":"info","message":"Running scheduled job"}
{"level":"info","message":"Entry with id 1 already exists"}
{"level":"info","message":"Entry with id 6 already exists"}
{"level":"info","message":"Entry with id 5 already exists"}
{"level":"info","message":"Entry with id 3 already exists"}
{"level":"info","message":"Entry with id 4 already exists"}
{"level":"info","message":"Entry with id 2 already exists"}
{"level":"info","message":"Entry with id 10 already exists"}
{"level":"info","message":"Entry with id 9 already exists"}
{"level":"info","message":"Entry with id 8 already exists"}
{"level":"info","message":"Entry with id 7 already exists"}
{"level":"info","message":"Entry with id 11 already exists"}
{"level":"info","message":"Running scheduled job"}
{"level":"info","message":"Entry with id 1 already exists"}
{"level":"info","message":"Entry with id 10 already exists"}
{"level":"info","message":"Entry with id 6 already exists"}
{"level":"info","message":"Entry with id 3 already exists"}
{"level":"info","message":"Entry with id 2 already exists"}
{"level":"info","message":"Entry with id 8 already exists"}
{"level":"info","message":"Entry with id 9 already exists"}
{"level":"info","message":"Entry with id 7 already exists"}
{"level":"info","message":"Entry with id 5 already exists"}
{"level":"info","message":"Entry with id 4 already exists"}
{"level":"info","message":"Entry with id 11 already exists"}
{"level":"info","message":"Entry with id 15 already exists"}
{"level":"error","message":"Entry with id 15 already exists"}
{"level":"info","message":"Entry with id 15 already exists"}
{"level":"error","message":"Entry with id 15 already exists"}
